<?xml version="1.0" encoding="UTF-8"?>
<testsuite name="Test"
           tests="6"
           failures="0"
           errors="0"
           skipped="0"
           time="0.008">
  <properties />
  
  
            <testcase name="f" time="0.001" classname="com.youceedu.testng.TestRun" />
                <testcase name="f" time="0.001" classname="com.youceedu.testng.TestRun" />
                <testcase name="f" time="0.000" classname="com.youceedu.testng.TestRun" />
                <testcase name="f" time="0.005" classname="com.youceedu.testng.TestRun" />
                <testcase name="f" time="0.000" classname="com.youceedu.testng.TestRun" />
                <testcase name="f" time="0.001" classname="com.youceedu.testng.TestRun" />
      
</testsuite>
