<?xml version="1.0" encoding="UTF-8"?>
<!-- Generated by org.testng.reporters.JUnitXMLReporter -->
<testsuite hostname="DESKTOP-M8FCCF0" name="Test" tests="6" failures="0" timestamp="13 Jul 2019 22:16:42 GMT" time="0.859" errors="0">
  <testcase name="f" time="0.004" classname="com.youceedu.testng.TestRun"/>
  <testcase name="f" time="0.0" classname="com.youceedu.testng.TestRun"/>
  <testcase name="f" time="0.001" classname="com.youceedu.testng.TestRun"/>
  <testcase name="f" time="0.001" classname="com.youceedu.testng.TestRun"/>
  <testcase name="f" time="0.001" classname="com.youceedu.testng.TestRun"/>
  <testcase name="f" time="0.001" classname="com.youceedu.testng.TestRun"/>
</testsuite> <!-- Test -->
